📊 Memory Statistics:
  Total lines: 38
  P0 (permanent): 8
  P1 (90-day): 6
  P2 (30-day): 2
  Untagged: 22
  To archive: 0
  To keep: 38
✅ Nothing to archive
📊 Memory Statistics:
  Total lines: 45
  P0 (permanent): 8
  P1 (90-day): 7
  P2 (30-day): 2
  Untagged: 28
  To archive: 0
  To keep: 45
✅ Nothing to archive
📊 Memory Statistics:
  Total lines: 45
  P0 (permanent): 8
  P1 (90-day): 7
  P2 (30-day): 2
  Untagged: 28
  To archive: 0
  To keep: 45
✅ Nothing to archive
📊 Memory Statistics:
  Total lines: 45
  P0 (permanent): 8
  P1 (90-day): 7
  P2 (30-day): 2
  Untagged: 28
  To archive: 0
  To keep: 45
✅ Nothing to archive
📊 Memory Statistics:
  Total lines: 56
  P0 (permanent): 9
  P1 (90-day): 7
  P2 (30-day): 7
  Untagged: 33
  To archive: 0
  To keep: 56
✅ Nothing to archive
📊 Memory Statistics:
  Total lines: 56
  P0 (permanent): 9
  P1 (90-day): 7
  P2 (30-day): 7
  Untagged: 33
  To archive: 0
  To keep: 56
✅ Nothing to archive
📊 Memory Statistics:
  Total lines: 56
  P0 (permanent): 9
  P1 (90-day): 7
  P2 (30-day): 7
  Untagged: 33
  To archive: 0
  To keep: 56
✅ Nothing to archive
